 Sun, 10 Dec 2017 22:25:30  INFO logger.py info [ line:34 ] TestLogin测试用例开始执行……
 Sun, 10 Dec 2017 22:25:45  INFO logger.py info [ line:34 ] TestLogin测试用例结束……
 Sun, 10 Dec 2017 22:25:45  INFO logger.py info [ line:34 ] TestLogin测试用例开始执行……
 Sun, 10 Dec 2017 22:26:01  INFO logger.py info [ line:34 ] TestLogin测试用例结束……
 Sun, 10 Dec 2017 22:26:01  INFO logger.py info [ line:34 ] TestLogin测试用例开始执行……
 Sun, 10 Dec 2017 22:26:24  INFO logger.py info [ line:34 ] TestLogin测试用例结束……
 Sun, 10 Dec 2017 22:26:24  INFO logger.py info [ line:34 ] TestLogin测试用例开始执行……
 Sun, 10 Dec 2017 22:26:41  INFO logger.py info [ line:34 ] TestLogin测试用例结束……
 Sun, 10 Dec 2017 22:26:41  INFO logger.py info [ line:34 ] TestLogin测试用例开始执行……
 Sun, 10 Dec 2017 22:26:56  INFO logger.py info [ line:34 ] TestLogin测试用例结束……
 Sun, 10 Dec 2017 22:26:56  INFO logger.py info [ line:34 ] TestLogin测试用例开始执行……
 Sun, 10 Dec 2017 22:27:18  INFO logger.py info [ line:34 ] TestLogin测试用例结束……
 Sun, 10 Dec 2017 22:27:18  INFO logger.py info [ line:34 ] TestInvest测试用例开始执行……
 Sun, 10 Dec 2017 22:27:47  INFO logger.py info [ line:34 ] TestInvest测试用例执行结束……
 Sun, 10 Dec 2017 22:27:47  INFO logger.py info [ line:34 ] TestInvest测试用例开始执行……
 Sun, 10 Dec 2017 22:28:08  INFO logger.py info [ line:34 ] TestInvest测试用例执行结束……
 Sun, 10 Dec 2017 22:28:08  INFO logger.py info [ line:34 ] TestInvest测试用例开始执行……
 Sun, 10 Dec 2017 22:28:31  INFO logger.py info [ line:34 ] TestInvest测试用例执行结束……
 Mon, 11 Dec 2017 23:34:12  INFO logger.py info [ line:34 ] TestInvest测试用例开始执行……
 Mon, 11 Dec 2017 23:35:13  INFO logger.py info [ line:34 ] TestInvest测试用例执行结束……
 Mon, 11 Dec 2017 23:35:13  INFO logger.py info [ line:34 ] TestLogin测试用例开始执行……
 Mon, 11 Dec 2017 23:35:32  INFO logger.py info [ line:34 ] TestLogin测试用例结束……
 Fri, 22 Dec 2017 17:12:10  INFO logger.py info [ line:34 ] TestInvest测试用例开始执行……
 Fri, 22 Dec 2017 17:13:16  INFO logger.py info [ line:34 ] TestInvest测试用例执行结束……
 Fri, 22 Dec 2017 17:13:16  INFO logger.py info [ line:34 ] TestLogin测试用例开始执行……
 Fri, 22 Dec 2017 17:13:36  INFO logger.py info [ line:34 ] TestLogin测试用例结束……
 Wed, 27 Dec 2017 14:05:49  INFO logger.py info [ line:34 ] TestInvest测试用例开始执行……
 Wed, 27 Dec 2017 14:05:54  INFO logger.py info [ line:34 ] TestLogin测试用例开始执行……
 Wed, 27 Dec 2017 14:06:15  INFO logger.py info [ line:34 ] TestLogin测试用例结束……
 Wed, 27 Dec 2017 14:07:46  INFO logger.py info [ line:34 ] TestInvest测试用例开始执行……
 Wed, 27 Dec 2017 14:08:14  INFO logger.py info [ line:34 ] TestInvest测试用例执行结束……
 Wed, 27 Dec 2017 14:08:14  INFO logger.py info [ line:34 ] TestLogin测试用例开始执行……
 Wed, 27 Dec 2017 14:08:33  INFO logger.py info [ line:34 ] TestLogin测试用例结束……
 Wed, 27 Dec 2017 15:49:12  INFO logger.py info [ line:34 ] TestLogin测试用例开始执行……
 Wed, 27 Dec 2017 15:49:35  INFO logger.py info [ line:34 ] TestLogin测试用例结束……
 Wed, 27 Dec 2017 15:54:47  INFO logger.py info [ line:34 ] TestLogin测试用例开始执行……
 Wed, 27 Dec 2017 15:55:15  INFO logger.py info [ line:34 ] TestLogin测试用例结束……
 Wed, 27 Dec 2017 15:58:47  INFO logger.py info [ line:34 ] TestLogin测试用例开始执行……
 Wed, 27 Dec 2017 15:59:08  INFO logger.py info [ line:34 ] TestLogin测试用例结束……
 Wed, 27 Dec 2017 17:13:01  ERROR logger.py exception [ line:49 ] 'TestInvest' object has no attribute 'bidname'
Traceback (most recent call last):
  File "E:\PycharmProjects\python_learning\web_autotest-pytest\TestCases\test_invest.py", line 45, in test_invest_sucess
    accountInfo_page.search_investment_record_by_time_bidname(date,self.bidname)
AttributeError: 'TestInvest' object has no attribute 'bidname'
 Wed, 27 Dec 2017 17:17:16  ERROR logger.py exception [ line:49 ] 'TestInvest' object has no attribute 'bidname'
Traceback (most recent call last):
  File "E:\PycharmProjects\python_learning\web_autotest-pytest\TestCases\test_invest.py", line 41, in test_invest_sucess
    accountInfo_page.search_investment_record_by_time_bidname(date,self.bidname)
AttributeError: 'TestInvest' object has no attribute 'bidname'
 Wed, 27 Dec 2017 17:23:40  ERROR logger.py exception [ line:49 ] 'TestInvest' object has no attribute 'bidname'
Traceback (most recent call last):
  File "E:\PycharmProjects\python_learning\web_autotest-pytest\TestCases\test_invest.py", line 41, in test_invest_sucess
    accountInfo_page.search_investment_record_by_time_bidname(date,self.bidname)
AttributeError: 'TestInvest' object has no attribute 'bidname'
 Wed, 27 Dec 2017 17:31:53  INFO logger.py info [ line:34 ] TestLogin测试用例开始执行……
 Wed, 27 Dec 2017 17:32:13  INFO logger.py info [ line:34 ] TestLogin测试用例结束……
